0 info it worked if it ends with ok
1 verbose cli [ '/usr/bin/nodejs', '/usr/bin/npm', 'install' ]
2 info using npm@3.5.2
3 info using node@v4.2.6
4 silly loadCurrentTree Starting
5 silly install loadCurrentTree
6 silly install readLocalPackageData
7 silly install normalizeTree
8 silly loadCurrentTree Finishing
9 silly loadIdealTree Starting
10 silly install loadIdealTree
11 silly cloneCurrentTree Starting
12 silly install cloneCurrentTreeToIdealTree
13 silly cloneCurrentTree Finishing
14 silly loadShrinkwrap Starting
15 silly install loadShrinkwrap
16 silly loadShrinkwrap Finishing
17 silly loadAllDepsIntoIdealTree Starting
18 silly install loadAllDepsIntoIdealTree
19 silly fetchNamedPackageData @babel/core
20 silly mapToRegistry name @babel/core
21 silly mapToRegistry scope (from package name) @babel
22 verbose mapToRegistry no registry URL found in name for scope @babel
23 silly mapToRegistry using default registry
24 silly mapToRegistry registry https://registry.npmjs.org/
25 silly mapToRegistry uri https://registry.npmjs.org/@babel%2fcore
26 silly fetchNamedPackageData @babel/node
27 silly mapToRegistry name @babel/node
28 silly mapToRegistry scope (from package name) @babel
29 verbose mapToRegistry no registry URL found in name for scope @babel
30 silly mapToRegistry using default registry
31 silly mapToRegistry registry https://registry.npmjs.org/
32 silly mapToRegistry uri https://registry.npmjs.org/@babel%2fnode
33 silly fetchNamedPackageData @babel/preset-env
34 silly mapToRegistry name @babel/preset-env
35 silly mapToRegistry scope (from package name) @babel
36 verbose mapToRegistry no registry URL found in name for scope @babel
37 silly mapToRegistry using default registry
38 silly mapToRegistry registry https://registry.npmjs.org/
39 silly mapToRegistry uri https://registry.npmjs.org/@babel%2fpreset-env
40 silly fetchNamedPackageData eslint
41 silly mapToRegistry name eslint
42 silly mapToRegistry using default registry
43 silly mapToRegistry registry https://registry.npmjs.org/
44 silly mapToRegistry uri https://registry.npmjs.org/eslint
45 silly fetchNamedPackageData eslint-config-airbnb-base
46 silly mapToRegistry name eslint-config-airbnb-base
47 silly mapToRegistry using default registry
48 silly mapToRegistry registry https://registry.npmjs.org/
49 silly mapToRegistry uri https://registry.npmjs.org/eslint-config-airbnb-base
50 silly fetchNamedPackageData eslint-plugin-import
51 silly mapToRegistry name eslint-plugin-import
52 silly mapToRegistry using default registry
53 silly mapToRegistry registry https://registry.npmjs.org/
54 silly mapToRegistry uri https://registry.npmjs.org/eslint-plugin-import
55 silly fetchNamedPackageData eslint-plugin-jest
56 silly mapToRegistry name eslint-plugin-jest
57 silly mapToRegistry using default registry
58 silly mapToRegistry registry https://registry.npmjs.org/
59 silly mapToRegistry uri https://registry.npmjs.org/eslint-plugin-jest
60 silly fetchNamedPackageData jest
61 silly mapToRegistry name jest
62 silly mapToRegistry using default registry
63 silly mapToRegistry registry https://registry.npmjs.org/
64 silly mapToRegistry uri https://registry.npmjs.org/jest
65 verbose request uri https://registry.npmjs.org/@babel%2fcore
66 verbose request no auth needed
67 info attempt registry request try #1 at 8:22:29 AM
68 verbose request id 2db15275f4ed821e
69 http request GET https://registry.npmjs.org/@babel%2fcore
70 verbose request uri https://registry.npmjs.org/@babel%2fnode
71 verbose request no auth needed
72 info attempt registry request try #1 at 8:22:29 AM
73 http request GET https://registry.npmjs.org/@babel%2fnode
74 verbose request uri https://registry.npmjs.org/@babel%2fpreset-env
75 verbose request no auth needed
76 info attempt registry request try #1 at 8:22:29 AM
77 http request GET https://registry.npmjs.org/@babel%2fpreset-env
78 verbose request uri https://registry.npmjs.org/eslint
79 verbose request no auth needed
80 info attempt registry request try #1 at 8:22:29 AM
81 http request GET https://registry.npmjs.org/eslint
82 verbose request uri https://registry.npmjs.org/eslint-config-airbnb-base
83 verbose request no auth needed
84 info attempt registry request try #1 at 8:22:29 AM
85 http request GET https://registry.npmjs.org/eslint-config-airbnb-base
86 verbose request uri https://registry.npmjs.org/eslint-plugin-import
87 verbose request no auth needed
88 info attempt registry request try #1 at 8:22:29 AM
89 http request GET https://registry.npmjs.org/eslint-plugin-import
90 verbose request uri https://registry.npmjs.org/eslint-plugin-jest
91 verbose request no auth needed
92 info attempt registry request try #1 at 8:22:29 AM
93 http request GET https://registry.npmjs.org/eslint-plugin-jest
94 verbose request uri https://registry.npmjs.org/jest
95 verbose request no auth needed
96 info attempt registry request try #1 at 8:22:29 AM
97 http request GET https://registry.npmjs.org/jest
98 http 200 https://registry.npmjs.org/eslint-config-airbnb-base
99 verbose headers { date: 'Mon, 30 Sep 2024 15:22:30 GMT',
99 verbose headers   'content-type': 'application/json',
99 verbose headers   'transfer-encoding': 'chunked',
99 verbose headers   connection: 'keep-alive',
99 verbose headers   'cf-ray': '8cb53571ef58c9a8-IAD',
99 verbose headers   'cf-cache-status': 'HIT',
99 verbose headers   'access-control-allow-origin': '*',
99 verbose headers   age: '225',
99 verbose headers   'cache-control': 'public, max-age=300',
99 verbose headers   etag: 'W/"65d6855607fe444c66c1ca44c1a0b02e"',
99 verbose headers   'last-modified': 'Tue, 18 Jun 2024 18:32:09 GMT',
99 verbose headers   vary: 'accept-encoding, accept',
99 verbose headers   server: 'cloudflare',
99 verbose headers   'content-encoding': 'gzip' }
100 silly get cb [ 200,
100 silly get   { date: 'Mon, 30 Sep 2024 15:22:30 GMT',
100 silly get     'content-type': 'application/json',
100 silly get     'transfer-encoding': 'chunked',
100 silly get     connection: 'keep-alive',
100 silly get     'cf-ray': '8cb53571ef58c9a8-IAD',
100 silly get     'cf-cache-status': 'HIT',
100 silly get     'access-control-allow-origin': '*',
100 silly get     age: '225',
100 silly get     'cache-control': 'public, max-age=300',
100 silly get     etag: 'W/"65d6855607fe444c66c1ca44c1a0b02e"',
100 silly get     'last-modified': 'Tue, 18 Jun 2024 18:32:09 GMT',
100 silly get     vary: 'accept-encoding, accept',
100 silly get     server: 'cloudflare',
100 silly get     'content-encoding': 'gzip' } ]
101 verbose get saving eslint-config-airbnb-base to /root/.npm/registry.npmjs.org/eslint-config-airbnb-base/.cache.json
102 verbose makeDirectory /root/.npm creation not in flight; initializing
103 silly makeDirectory /root/.npm uid: 0 gid: 0
104 http 200 https://registry.npmjs.org/@babel%2fnode
105 verbose headers { date: 'Mon, 30 Sep 2024 15:22:30 GMT',
105 verbose headers   'content-type': 'application/json',
105 verbose headers   'transfer-encoding': 'chunked',
105 verbose headers   connection: 'keep-alive',
105 verbose headers   'cf-ray': '8cb53571fdc45884-IAD',
105 verbose headers   'cf-cache-status': 'HIT',
105 verbose headers   'access-control-allow-origin': '*',
105 verbose headers   age: '2',
105 verbose headers   'cache-control': 'public, max-age=300',
105 verbose headers   etag: 'W/"6ffc3839dbe18964156cfe8587580b38"',
105 verbose headers   'last-modified': 'Fri, 26 Jul 2024 17:33:12 GMT',
105 verbose headers   vary: 'accept-encoding, accept',
105 verbose headers   server: 'cloudflare',
105 verbose headers   'content-encoding': 'gzip' }
106 silly get cb [ 200,
106 silly get   { date: 'Mon, 30 Sep 2024 15:22:30 GMT',
106 silly get     'content-type': 'application/json',
106 silly get     'transfer-encoding': 'chunked',
106 silly get     connection: 'keep-alive',
106 silly get     'cf-ray': '8cb53571fdc45884-IAD',
106 silly get     'cf-cache-status': 'HIT',
106 silly get     'access-control-allow-origin': '*',
106 silly get     age: '2',
106 silly get     'cache-control': 'public, max-age=300',
106 silly get     etag: 'W/"6ffc3839dbe18964156cfe8587580b38"',
106 silly get     'last-modified': 'Fri, 26 Jul 2024 17:33:12 GMT',
106 silly get     vary: 'accept-encoding, accept',
106 silly get     server: 'cloudflare',
106 silly get     'content-encoding': 'gzip' } ]
107 verbose get saving @babel/node to /root/.npm/registry.npmjs.org/_40babel_252fnode/.cache.json
108 http 200 https://registry.npmjs.org/eslint-plugin-import
109 verbose headers { date: 'Mon, 30 Sep 2024 15:22:30 GMT',
109 verbose headers   'content-type': 'application/json',
109 verbose headers   'transfer-encoding': 'chunked',
109 verbose headers   connection: 'keep-alive',
109 verbose headers   'cf-ray': '8cb53571ed6cc9b9-IAD',
109 verbose headers   'cf-cache-status': 'HIT',
109 verbose headers   'access-control-allow-origin': '*',
109 verbose headers   age: '146',
109 verbose headers   'cache-control': 'public, max-age=300',
109 verbose headers   etag: 'W/"d6f3fb7ae38aa8a8b4ac4135599129f0"',
109 verbose headers   'last-modified': 'Tue, 03 Sep 2024 06:52:08 GMT',
109 verbose headers   vary: 'accept-encoding, accept',
109 verbose headers   server: 'cloudflare',
109 verbose headers   'content-encoding': 'gzip' }
110 silly get cb [ 200,
110 silly get   { date: 'Mon, 30 Sep 2024 15:22:30 GMT',
110 silly get     'content-type': 'application/json',
110 silly get     'transfer-encoding': 'chunked',
110 silly get     connection: 'keep-alive',
110 silly get     'cf-ray': '8cb53571ed6cc9b9-IAD',
110 silly get     'cf-cache-status': 'HIT',
110 silly get     'access-control-allow-origin': '*',
110 silly get     age: '146',
110 silly get     'cache-control': 'public, max-age=300',
110 silly get     etag: 'W/"d6f3fb7ae38aa8a8b4ac4135599129f0"',
110 silly get     'last-modified': 'Tue, 03 Sep 2024 06:52:08 GMT',
110 silly get     vary: 'accept-encoding, accept',
110 silly get     server: 'cloudflare',
110 silly get     'content-encoding': 'gzip' } ]
111 verbose get saving eslint-plugin-import to /root/.npm/registry.npmjs.org/eslint-plugin-import/.cache.json
112 verbose stack Error: Missing required argument #1
112 verbose stack     at andLogAndFinish (/usr/share/npm/lib/fetch-package-metadata.js:31:3)
112 verbose stack     at fetchPackageMetadata (/usr/share/npm/lib/fetch-package-metadata.js:51:22)
112 verbose stack     at resolveWithNewModule (/usr/share/npm/lib/install/deps.js:456:12)
112 verbose stack     at /usr/share/npm/lib/install/deps.js:457:7
112 verbose stack     at /usr/share/npm/node_modules/iferr/index.js:13:50
112 verbose stack     at /usr/share/npm/lib/fetch-package-metadata.js:37:12
112 verbose stack     at addRequestedAndFinish (/usr/share/npm/lib/fetch-package-metadata.js:82:5)
112 verbose stack     at returnAndAddMetadata (/usr/share/npm/lib/fetch-package-metadata.js:117:7)
112 verbose stack     at pickVersionFromRegistryDocument (/usr/share/npm/lib/fetch-package-metadata.js:134:20)
112 verbose stack     at /usr/share/npm/node_modules/iferr/index.js:13:50
113 verbose cwd /alx-backend-javascript
114 error Linux 5.4.0-1049-aws
115 error argv "/usr/bin/nodejs" "/usr/bin/npm" "install"
116 error node v4.2.6
117 error npm  v3.5.2
118 error code EMISSINGARG
119 error typeerror Error: Missing required argument #1
119 error typeerror     at andLogAndFinish (/usr/share/npm/lib/fetch-package-metadata.js:31:3)
119 error typeerror     at fetchPackageMetadata (/usr/share/npm/lib/fetch-package-metadata.js:51:22)
119 error typeerror     at resolveWithNewModule (/usr/share/npm/lib/install/deps.js:456:12)
119 error typeerror     at /usr/share/npm/lib/install/deps.js:457:7
119 error typeerror     at /usr/share/npm/node_modules/iferr/index.js:13:50
119 error typeerror     at /usr/share/npm/lib/fetch-package-metadata.js:37:12
119 error typeerror     at addRequestedAndFinish (/usr/share/npm/lib/fetch-package-metadata.js:82:5)
119 error typeerror     at returnAndAddMetadata (/usr/share/npm/lib/fetch-package-metadata.js:117:7)
119 error typeerror     at pickVersionFromRegistryDocument (/usr/share/npm/lib/fetch-package-metadata.js:134:20)
119 error typeerror     at /usr/share/npm/node_modules/iferr/index.js:13:50
120 error typeerror This is an error with npm itself. Please report this error at:
120 error typeerror     <http://github.com/npm/npm/issues>
121 verbose exit [ 1, true ]
